2023-10-31 09:10:34 -- /v1/api/resource/specialty -- GET -- Unauthorized.
2023-10-31 09:10:34 -- /v1/api/resource/gender -- GET -- Unauthorized.
2023-10-31 09:10:34 -- /v1/api/resource/position -- GET -- Unauthorized.
2023-10-31 09:10:34 -- /v1/api/resource/specialty -- GET -- Unauthorized.
2023-10-31 09:10:34 -- /v1/api/resource/position -- GET -- Unauthorized.
2023-10-31 09:10:34 -- /v1/api/resource/gender -- GET -- Unauthorized.
2023-10-31 09:10:34 -- /v1/api/auth/logout -- GET -- Unauthorized.
2023-10-31 09:10:34 -- /v1/api/auth/logout -- GET -- Unauthorized.
2023-10-31 09:10:34 -- /v1/api/auth/logout -- GET -- Unauthorized.
2023-10-31 09:10:34 -- /v1/api/auth/logout -- GET -- Unauthorized.
2023-10-31 09:10:34 -- /v1/api/auth/logout -- GET -- Unauthorized.
2023-10-31 09:10:34 -- /v1/api/auth/logout -- GET -- Unauthorized.
2023-10-31 09:10:41 -- /v1/api/blog-category -- GET -- Unauthorized.
2023-10-31 09:10:41 -- /v1/api/blog-category -- GET -- Unauthorized.
2023-10-31 09:10:41 -- /v1/api/auth/logout -- GET -- Unauthorized.
2023-10-31 09:10:41 -- /v1/api/auth/logout -- GET -- Unauthorized.
2023-10-31 09:10:41 -- /v1/api/blog-category/flatten-blog-categories -- GET -- Unauthorized.
2023-10-31 09:10:41 -- /v1/api/blog?categoryId=all&page=1&pagesize=25 -- GET -- Unauthorized.
2023-10-31 09:10:41 -- /v1/api/blog-category/flatten-blog-categories -- GET -- Unauthorized.
2023-10-31 09:10:41 -- /v1/api/blog?categoryId=all&page=1&pagesize=25 -- GET -- Unauthorized.
2023-10-31 09:10:41 -- /v1/api/auth/logout -- GET -- Unauthorized.
2023-10-31 09:10:41 -- /v1/api/blog?categoryId=all&page=1&pagesize=25 -- GET -- Unauthorized.
2023-10-31 09:10:41 -- /v1/api/auth/logout -- GET -- Unauthorized.
2023-10-31 09:10:41 -- /v1/api/auth/logout -- GET -- Unauthorized.
2023-10-31 09:10:41 -- /v1/api/auth/logout -- GET -- Unauthorized.
2023-10-31 09:10:41 -- /v1/api/auth/logout -- GET -- Unauthorized.
2023-10-31 09:10:42 -- /v1/api/blog?categoryId=all&page=1&pagesize=25 -- GET -- Unauthorized.
2023-10-31 09:10:42 -- /v1/api/auth/logout -- GET -- Unauthorized.
2023-10-31 09:15:35 -- /v1/api/blog-category -- GET -- Unauthorized.
2023-10-31 09:15:35 -- /v1/api/blog-category -- GET -- Unauthorized.
2023-10-31 09:15:35 -- /v1/api/auth/logout -- GET -- Unauthorized.
2023-10-31 09:15:35 -- /v1/api/auth/logout -- GET -- Unauthorized.
2023-10-31 09:15:39 -- /v1/api/blog-category/flatten-blog-categories -- GET -- Unauthorized.
2023-10-31 09:15:39 -- /v1/api/blog?categoryId=all&page=1&pagesize=25 -- GET -- Unauthorized.
2023-10-31 09:15:39 -- /v1/api/blog-category/flatten-blog-categories -- GET -- Unauthorized.
2023-10-31 09:15:39 -- /v1/api/blog?categoryId=all&page=1&pagesize=25 -- GET -- Unauthorized.
2023-10-31 09:15:39 -- /v1/api/auth/logout -- GET -- Unauthorized.
2023-10-31 09:15:39 -- /v1/api/auth/logout -- GET -- Unauthorized.
2023-10-31 09:15:39 -- /v1/api/blog?categoryId=all&page=1&pagesize=25 -- GET -- Unauthorized.
2023-10-31 09:15:39 -- /v1/api/auth/logout -- GET -- Unauthorized.
2023-10-31 09:15:39 -- /v1/api/auth/logout -- GET -- Unauthorized.
2023-10-31 09:15:39 -- /v1/api/auth/logout -- GET -- Unauthorized.
2023-10-31 09:16:29 -- /v1/api/blog-category/flatten-blog-categories -- GET -- Unauthorized.
2023-10-31 09:16:29 -- /v1/api/auth/logout -- GET -- Unauthorized.
2023-10-31 09:16:29 -- /v1/api/blog?categoryId=all&page=1&pagesize=25 -- GET -- Unauthorized.
2023-10-31 09:16:29 -- /v1/api/auth/logout -- GET -- Unauthorized.
2023-10-31 09:17:34 -- /v1/api/blog?categoryId=all&page=1&pagesize=25 -- GET -- Unauthorized.
2023-10-31 09:17:34 -- /v1/api/blog-category/flatten-blog-categories -- GET -- Unauthorized.
2023-10-31 09:17:38 -- /v1/api/blog-category/flatten-blog-categories -- GET -- Unauthorized.
2023-10-31 09:17:38 -- /v1/api/blog?categoryId=all&page=1&pagesize=25 -- GET -- Unauthorized.
2023-10-31 09:17:38 -- /v1/api/auth/logout -- GET -- Unauthorized.
2023-10-31 09:17:38 -- /v1/api/auth/logout -- GET -- Unauthorized.
2023-10-31 09:17:40 -- /v1/api/blog?categoryId=all&page=1&pagesize=25 -- GET -- Unauthorized.
2023-10-31 09:17:40 -- /v1/api/blog-category/flatten-blog-categories -- GET -- Unauthorized.
2023-10-31 09:17:40 -- /v1/api/auth/logout -- GET -- Unauthorized.
2023-10-31 09:17:40 -- /v1/api/auth/logout -- GET -- Unauthorized.
2023-10-31 09:18:56 -- /v1/api/blog-category/flatten-blog-categories -- GET -- Unauthorized.
2023-10-31 09:18:56 -- /v1/api/blog?categoryId=all&page=1&pagesize=25 -- GET -- Unauthorized.
2023-10-31 09:18:56 -- /v1/api/auth/logout -- GET -- Unauthorized.
2023-10-31 09:18:56 -- /v1/api/auth/logout -- GET -- Unauthorized.
2023-10-31 09:19:16 -- /v1/api/blog?categoryId=all&page=1&pagesize=25 -- GET -- Unauthorized.
2023-10-31 09:19:16 -- /v1/api/blog-category/flatten-blog-categories -- GET -- Unauthorized.
2023-10-31 09:19:16 -- /v1/api/auth/logout -- GET -- Unauthorized.
2023-10-31 09:19:16 -- /v1/api/auth/logout -- GET -- Unauthorized.
2023-10-31 09:19:47 -- /v1/api/blog?categoryId=all&page=1&pagesize=25 -- GET -- Unauthorized.
2023-10-31 09:19:47 -- /v1/api/blog-category/flatten-blog-categories -- GET -- Unauthorized.
2023-10-31 09:19:47 -- /v1/api/auth/logout -- GET -- Unauthorized.
2023-10-31 09:19:47 -- /v1/api/auth/logout -- GET -- Unauthorized.
2023-10-31 09:50:34 -- /v1/api/blog-category/flatten-blog-categories -- GET -- Unauthorized.
2023-10-31 09:50:34 -- /v1/api/blog?categoryId=all&page=1&pagesize=25 -- GET -- Unauthorized.
2023-10-31 09:50:34 -- /v1/api/auth/logout -- GET -- Unauthorized.
2023-10-31 09:50:34 -- /v1/api/auth/logout -- GET -- Unauthorized.
2023-10-31 09:50:58 -- /v1/api/blog-category/flatten-blog-categories -- GET -- Unauthorized.
2023-10-31 09:50:58 -- /v1/api/blog?categoryId=all&page=1&pagesize=25 -- GET -- Unauthorized.
2023-10-31 09:50:58 -- /v1/api/auth/logout -- GET -- Unauthorized.
2023-10-31 09:50:58 -- /v1/api/auth/logout -- GET -- Unauthorized.
2023-10-31 09:51:03 -- /v1/api/blog-category/flatten-blog-categories -- GET -- Unauthorized.
2023-10-31 09:51:03 -- /v1/api/blog?categoryId=all&page=1&pagesize=25 -- GET -- Unauthorized.
2023-10-31 09:51:03 -- /v1/api/auth/logout -- GET -- Unauthorized.
2023-10-31 09:51:03 -- /v1/api/auth/logout -- GET -- Unauthorized.
2023-10-31 09:52:13 -- /v1/api/auth/login -- POST -- Unauthorized.
2023-10-31 09:52:23 -- /v1/api/auth/login -- POST -- Unauthorized.
2023-10-31 09:52:38 -- /v1/api/auth/login -- POST -- Unauthorized.
2023-10-31 09:53:29 -- /v1/api/auth/login -- POST -- Unauthorized.
2023-10-31 09:53:34 -- /v1/api/auth/login -- POST -- Unauthorized.
2023-10-31 09:53:42 -- /v1/api/auth/login -- POST -- Unauthorized.
2023-10-31 09:55:02 -- /v1/api/auth/login -- POST -- Unauthorized.
2023-10-31 09:55:04 -- /v1/api/auth/login -- POST -- Unauthorized.
2023-10-31 09:56:58 -- /v1/api/auth/logout -- GET -- Unauthorized.
2023-10-31 09:56:59 -- /v1/api/auth/logout -- GET -- Unauthorized.
2023-10-31 10:01:10 -- /v1/api/blog-category -- GET -- Unauthorized.
2023-10-31 10:01:10 -- /v1/api/blog-category -- GET -- Unauthorized.
2023-10-31 10:01:13 -- /v1/api/auth/login -- POST -- Unauthorized.
2023-11-01 01:49:08 -- /v1/api/auth/login -- POST -- Unauthorized.
2023-11-01 01:50:57 -- /v1/api/auth/login -- POST -- Unauthorized.
2023-11-01 02:01:42 -- /v1/api/auth/login -- POST -- Unauthorized.
2023-11-01 04:07:14 -- /v1/api/auth/login -- POST -- Unauthorized.
